<?xml version="1.0" encoding="UTF-8"?>
<!-- Generated by org.testng.reporters.JUnitXMLReporter -->
<testsuite hostname="DESKTOP-ERIKFIL" name="Test" tests="1" failures="0" timestamp="25 Jan 2019 02:45:58 GMT" time="56.626" errors="0">
  <testcase name="@BeforeTest beforeTest" time="0.0" classname="example.NewTest">
    <failure type="org.openqa.selenium.WebDriverException" message="Failed to connect to binary FirefoxBinary(C:\Program Files (x86)\Mozilla Firefox\firefox.exe) on port 7055; process output follows: 
:&amp;quot;icons/lightbulb.svg&amp;quot;,&amp;quot;128&amp;quot;:&amp;quot;icons/lightbulb.svg&amp;quot;},&amp;quot;iconURL&amp;quot;:null,&amp;quot;icon64URL&amp;quot;:null,&amp;quot;blocklistState&amp;quot;:0,&amp;quot;blocklistURL&amp;quot;:null,&amp;quot;startupData&amp;quot;:null,&amp;quot;hidden&amp;quot;:true,&amp;quot;installTelemetryInfo&amp;quot;:null,&amp;quot;location&amp;quot;:&amp;quot;app-system-defaults&amp;quot;}
1548384332628	addons.xpi	DEBUG	Updating XPIState for {&amp;quot;id&amp;quot;:&amp;quot;webcompat@mozilla.org&amp;quot;,&amp;quot;syncGUID&amp;quot;:&amp;quot;{ce364d0f-db62-454a-8f9c-240c40d7cfd4}&amp;quot;,&amp;quot;version&amp;quot;:&amp;quot;3.0.0&amp;quot;,&amp;quot;type&amp;quot;:&amp;quot;webextension&amp;quot;,&amp;quot;updateURL&amp;quot;:null,&amp;quot;optionsURL&amp;quot;:null,&amp;quot;optionsType&amp;quot;:null,&amp;quot;optionsBrowserStyle&amp;quot;:true,&amp;quot;aboutURL&amp;quot;:null,&amp;quot;defaultLocale&amp;quot;:{&amp;quot;name&amp;quot;:&amp;quot;Web Compat&amp;quot;,&amp;quot;description&amp;quot;:&amp;quot;Urgent post-release fixes for web compatibility.&amp;quot;,&amp;quot;creator&amp;quot;:null,&amp;quot;developers&amp;quot;:null,&amp;quot;translators&amp;quot;:null,&amp;quot;contributors&amp;quot;:null},&amp;quot;visible&amp;quot;:true,&amp;quot;active&amp;quot;:true,&amp;quot;userDisabled&amp;quot;:false,&amp;quot;appDisabled&amp;quot;:false,&amp;quot;installDate&amp;quot;:1542048634436,&amp;quot;updateDate&amp;quot;:1542048634436,&amp;quot;applyBackgroundUpdates&amp;quot;:1,&amp;quot;path&amp;quot;:&amp;quot;C:\\Program Files (x86)\\Mozilla Firefox\\browser\\features\\webcompat@mozilla.org.xpi&amp;quot;,&amp;quot;skinnable&amp;quot;:false,&amp;quot;sourceURI&amp;quot;:null,&amp;quot;releaseNotesURI&amp;quot;:null,&amp;quot;softDisabled&amp;quot;:false,&amp;quot;foreignInstall&amp;quot;:false,&amp;quot;strictCompatibility&amp;quot;:true,&amp;quot;locales&amp;quot;:[],&amp;quot;targetApplications&amp;quot;:[{&amp;quot;id&amp;quot;:&amp;quot;toolkit@mozilla.org&amp;quot;,&amp;quot;minVersion&amp;quot;:&amp;quot;59.0b5&amp;quot;,&amp;quot;maxVersion&amp;quot;:null}],&amp;quot;targetPlatforms&amp;quot;:[],&amp;quot;seen&amp;quot;:true,&amp;quot;dependencies&amp;quot;:[],&amp;quot;hasEmbeddedWebExtension&amp;quot;:false,&amp;quot;userPermissions&amp;quot;:{&amp;quot;permissions&amp;quot;:[&amp;quot;webRequest&amp;quot;,&amp;quot;webRequestBlocking&amp;quot;],&amp;quot;origins&amp;quot;:[&amp;quot;&amp;lt;all_urls&amp;gt;&amp;quot;]},&amp;quot;icons&amp;quot;:{},&amp;quot;iconURL&amp;quot;:null,&amp;quot;icon64URL&amp;quot;:null,&amp;quot;blocklistState&amp;quot;:0,&amp;quot;blocklistURL&amp;quot;:null,&amp;quot;startupData&amp;quot;:null,&amp;quot;hidden&amp;quot;:true,&amp;quot;installTelemetryInfo&amp;quot;:null,&amp;quot;location&amp;quot;:&amp;quot;app-system-defaults&amp;quot;}
1548384332628	addons.xpi-utils	DEBUG	Updating add-on states
1548384332649	addons.xpi	DEBUG	Calling bootstrap method startup on formautofill@mozilla.org version 1.0
1548384332688	addons.xpi	DEBUG	Calling bootstrap method startup on screenshots@mozilla.org version 35.0.0
1548384332689	addons.xpi	DEBUG	Calling bootstrap method startup on webcompat@mozilla.org version 3.0.0
1548384332701	addons.manager	DEBUG	Registering shutdown blocker for XPIProvider
1548384332701	addons.manager	DEBUG	Provider finished startup: XPIProvider
1548384332701	addons.manager	DEBUG	Starting provider: LightweightThemeManager
1548384332701	addons.manager	DEBUG	Registering shutdown blocker for LightweightThemeManager
1548384332702	addons.manager	DEBUG	Provider finished startup: LightweightThemeManager
1548384332702	addons.manager	DEBUG	Starting provider: GMPProvider
1548384332738	addons.manager	DEBUG	Registering shutdown blocker for GMPProvider
1548384332738	addons.manager	DEBUG	Provider finished startup: GMPProvider
1548384332738	addons.manager	DEBUG	Starting provider: PluginProvider
1548384332738	addons.manager	DEBUG	Registering shutdown blocker for PluginProvider
1548384332738	addons.manager	DEBUG	Provider finished startup: PluginProvider
1548384332744	addons.manager	DEBUG	Completed startup sequence
1548384346756	addons.repository	DEBUG	No addons.json found.
1548384352019	addons.manager	DEBUG	Registering upgrade listener for formautofill@mozilla.org
1548384355671	addons.xpi	DEBUG	Calling bootstrap method shutdown on webcompat@mozilla.org version 3.0.0
1548384355727	addons.xpi	DEBUG	Calling bootstrap method shutdown on screenshots@mozilla.org version 35.0.0
1548384355729	addons.xpi	DEBUG	Calling bootstrap method shutdown on formautofill@mozilla.org version 1.0
JavaScript error: resource:///modules/aboutpages/AboutPrivateBrowsingHandler.jsm, line 26: TypeError: this.pageListener is undefined; can&amp;apos;t access its &amp;quot;removeMessageListener&amp;quot; property
[Parent 12408, Gecko_IOThread] WARNING: pipe error: 109: file z:/build/build/src/ipc/chromium/src/chrome/common/ipc_channel_win.cc, line 346
[Parent 12408, Gecko_IOThread] WARNING: pipe error: 109: file z:/build/build/src/ipc/chromium/src/chrome/common/ipc_channel_win.cc, line 346
[Child 5776, Chrome_ChildThread] WARNING: pipe error: 109: file z:/build/build/src/ipc/chromium/src/chrome/common/ipc_channel_win.cc, line 346
[Child 13088, Chrome_ChildThread] WARNING: pipe error: 109: file z:/build/build/src/ipc/chromium/src/chrome/common/ipc_channel_win.cc, line 346
[Child 13088, Chrome_ChildThread] WARNING: pipe er
Build info: version: &amp;apos;2.45.0&amp;apos;, revision: &amp;apos;5017cb8e7ca8e37638dc3091b2440b90a1d8686f&amp;apos;, time: &amp;apos;2015-02-27 09:10:26&amp;apos;
System info: host: &amp;apos;DESKTOP-ERIKFIL&amp;apos;, ip: &amp;apos;10.0.75.1&amp;apos;, os.name: &amp;apos;Windows 10&amp;apos;, os.arch: &amp;apos;amd64&amp;apos;, os.version: &amp;apos;10.0&amp;apos;, java.version: &amp;apos;1.8.0_191&amp;apos;
Driver info: driver.version: FirefoxDriver">
      <![CDATA[org.openqa.selenium.WebDriverException: Failed to connect to binary FirefoxBinary(C:\Program Files (x86)\Mozilla Firefox\firefox.exe) on port 7055; process output follows: 
:"icons/lightbulb.svg","128":"icons/lightbulb.svg"},"iconURL":null,"icon64URL":null,"blocklistState":0,"blocklistURL":null,"startupData":null,"hidden":true,"installTelemetryInfo":null,"location":"app-system-defaults"}
1548384332628	addons.xpi	DEBUG	Updating XPIState for {"id":"webcompat@mozilla.org","syncGUID":"{ce364d0f-db62-454a-8f9c-240c40d7cfd4}","version":"3.0.0","type":"webextension","updateURL":null,"optionsURL":null,"optionsType":null,"optionsBrowserStyle":true,"aboutURL":null,"defaultLocale":{"name":"Web Compat","description":"Urgent post-release fixes for web compatibility.","creator":null,"developers":null,"translators":null,"contributors":null},"visible":true,"active":true,"userDisabled":false,"appDisabled":false,"installDate":1542048634436,"updateDate":1542048634436,"applyBackgroundUpdates":1,"path":"C:\\Program Files (x86)\\Mozilla Firefox\\browser\\features\\webcompat@mozilla.org.xpi","skinnable":false,"sourceURI":null,"releaseNotesURI":null,"softDisabled":false,"foreignInstall":false,"strictCompatibility":true,"locales":[],"targetApplications":[{"id":"toolkit@mozilla.org","minVersion":"59.0b5","maxVersion":null}],"targetPlatforms":[],"seen":true,"dependencies":[],"hasEmbeddedWebExtension":false,"userPermissions":{"permissions":["webRequest","webRequestBlocking"],"origins":["<all_urls>"]},"icons":{},"iconURL":null,"icon64URL":null,"blocklistState":0,"blocklistURL":null,"startupData":null,"hidden":true,"installTelemetryInfo":null,"location":"app-system-defaults"}
1548384332628	addons.xpi-utils	DEBUG	Updating add-on states
1548384332649	addons.xpi	DEBUG	Calling bootstrap method startup on formautofill@mozilla.org version 1.0
1548384332688	addons.xpi	DEBUG	Calling bootstrap method startup on screenshots@mozilla.org version 35.0.0
1548384332689	addons.xpi	DEBUG	Calling bootstrap method startup on webcompat@mozilla.org version 3.0.0
1548384332701	addons.manager	DEBUG	Registering shutdown blocker for XPIProvider
1548384332701	addons.manager	DEBUG	Provider finished startup: XPIProvider
1548384332701	addons.manager	DEBUG	Starting provider: LightweightThemeManager
1548384332701	addons.manager	DEBUG	Registering shutdown blocker for LightweightThemeManager
1548384332702	addons.manager	DEBUG	Provider finished startup: LightweightThemeManager
1548384332702	addons.manager	DEBUG	Starting provider: GMPProvider
1548384332738	addons.manager	DEBUG	Registering shutdown blocker for GMPProvider
1548384332738	addons.manager	DEBUG	Provider finished startup: GMPProvider
1548384332738	addons.manager	DEBUG	Starting provider: PluginProvider
1548384332738	addons.manager	DEBUG	Registering shutdown blocker for PluginProvider
1548384332738	addons.manager	DEBUG	Provider finished startup: PluginProvider
1548384332744	addons.manager	DEBUG	Completed startup sequence
1548384346756	addons.repository	DEBUG	No addons.json found.
1548384352019	addons.manager	DEBUG	Registering upgrade listener for formautofill@mozilla.org
1548384355671	addons.xpi	DEBUG	Calling bootstrap method shutdown on webcompat@mozilla.org version 3.0.0
1548384355727	addons.xpi	DEBUG	Calling bootstrap method shutdown on screenshots@mozilla.org version 35.0.0
1548384355729	addons.xpi	DEBUG	Calling bootstrap method shutdown on formautofill@mozilla.org version 1.0
JavaScript error: resource:///modules/aboutpages/AboutPrivateBrowsingHandler.jsm, line 26: TypeError: this.pageListener is undefined; can't access its "removeMessageListener" property
[Parent 12408, Gecko_IOThread] WARNING: pipe error: 109: file z:/build/build/src/ipc/chromium/src/chrome/common/ipc_channel_win.cc, line 346
[Parent 12408, Gecko_IOThread] WARNING: pipe error: 109: file z:/build/build/src/ipc/chromium/src/chrome/common/ipc_channel_win.cc, line 346
[Child 5776, Chrome_ChildThread] WARNING: pipe error: 109: file z:/build/build/src/ipc/chromium/src/chrome/common/ipc_channel_win.cc, line 346
[Child 13088, Chrome_ChildThread] WARNING: pipe error: 109: file z:/build/build/src/ipc/chromium/src/chrome/common/ipc_channel_win.cc, line 346
[Child 13088, Chrome_ChildThread] WARNING: pipe er
Build info: version: '2.45.0', revision: '5017cb8e7ca8e37638dc3091b2440b90a1d8686f', time: '2015-02-27 09:10:26'
System info: host: 'DESKTOP-ERIKFIL', ip: '10.0.75.1', os.name: 'Windows 10', os.arch: 'amd64', os.version: '10.0', java.version: '1.8.0_191'
Driver info: driver.version: FirefoxDriver
	at org.openqa.selenium.firefox.internal.NewProfileExtensionConnection.start(NewProfileExtensionConnection.java:134)
	at org.openqa.selenium.firefox.FirefoxDriver.startClient(FirefoxDriver.java:246)
	at org.openqa.selenium.remote.RemoteWebDriver.<init>(RemoteWebDriver.java:114)
	at org.openqa.selenium.firefox.FirefoxDriver.<init>(FirefoxDriver.java:191)
	at org.openqa.selenium.firefox.FirefoxDriver.<init>(FirefoxDriver.java:186)
	at org.openqa.selenium.firefox.FirefoxDriver.<init>(FirefoxDriver.java:182)
	at org.openqa.selenium.firefox.FirefoxDriver.<init>(FirefoxDriver.java:95)
	at example.NewTest.beforeTest(NewTest.java:22)
Caused by: org.openqa.selenium.WebDriverException: java.lang.InterruptedException: Process timed out after waiting for 45000 ms.
Build info: version: '2.45.0', revision: '5017cb8e7ca8e37638dc3091b2440b90a1d8686f', time: '2015-02-27 09:10:26'
System info: host: 'DESKTOP-ERIKFIL', ip: '10.0.75.1', os.name: 'Windows 10', os.arch: 'amd64', os.version: '10.0', java.version: '1.8.0_191'
Driver info: driver.version: FirefoxDriver
	at org.openqa.selenium.os.CommandLine.waitFor(CommandLine.java:131)
	at org.openqa.selenium.firefox.FirefoxBinary.waitFor(FirefoxBinary.java:222)
	at org.openqa.selenium.firefox.FirefoxBinary.clean(FirefoxBinary.java:242)
	at org.openqa.selenium.firefox.internal.NewProfileExtensionConnection.start(NewProfileExtensionConnection.java:91)
	... 29 more
Caused by: java.lang.InterruptedException: Process timed out after waiting for 45000 ms.
	at org.openqa.selenium.os.UnixProcess.waitFor(UnixProcess.java:148)
	at org.openqa.selenium.os.CommandLine.waitFor(CommandLine.java:129)
	... 32 more
... Removed 22 stack frames]]>
    </failure>
  </testcase> <!-- @BeforeTest beforeTest -->
  <testcase name="@AfterTest afterTest" time="0.0" classname="example.NewTest">
    <skipped/>
  </testcase> <!-- @AfterTest afterTest -->
  <testcase name="testEasy" time="0.001" classname="example.NewTest">
    <skipped/>
  </testcase> <!-- testEasy -->
</testsuite> <!-- Test -->
