<?xml version="1.0" encoding="UTF-8"?>
<testng-results skipped="1" failed="0" total="1" passed="0">
  <reporter-output>
  </reporter-output>
  <suite name="Suite" duration-ms="56626" started-at="2019-01-25T02:45:00Z" finished-at="2019-01-25T02:45:57Z">
    <groups>
    </groups>
    <test name="Test" duration-ms="56626" started-at="2019-01-25T02:45:00Z" finished-at="2019-01-25T02:45:57Z">
      <class name="example.NewTest">
        <test-method status="FAIL" signature="beforeTest()[pri:0, instance:example.NewTest@7c16905e]" name="beforeTest" is-config="true" duration-ms="0" started-at="2019-01-25T10:45:00Z" finished-at="2019-01-25T10:45:00Z">
          <exception class="org.openqa.selenium.WebDriverException">
            <message>
              <![CDATA[Failed to connect to binary FirefoxBinary(C:\Program Files (x86)\Mozilla Firefox\firefox.exe) on port 7055; process output follows: 
:"icons/lightbulb.svg","128":"icons/lightbulb.svg"},"iconURL":null,"icon64URL":null,"blocklistState":0,"blocklistURL":null,"startupData":null,"hidden":true,"installTelemetryInfo":null,"location":"app-system-defaults"}
1548384332628	addons.xpi	DEBUG	Updating XPIState for {"id":"webcompat@mozilla.org","syncGUID":"{ce364d0f-db62-454a-8f9c-240c40d7cfd4}","version":"3.0.0","type":"webextension","updateURL":null,"optionsURL":null,"optionsType":null,"optionsBrowserStyle":true,"aboutURL":null,"defaultLocale":{"name":"Web Compat","description":"Urgent post-release fixes for web compatibility.","creator":null,"developers":null,"translators":null,"contributors":null},"visible":true,"active":true,"userDisabled":false,"appDisabled":false,"installDate":1542048634436,"updateDate":1542048634436,"applyBackgroundUpdates":1,"path":"C:\\Program Files (x86)\\Mozilla Firefox\\browser\\features\\webcompat@mozilla.org.xpi","skinnable":false,"sourceURI":null,"releaseNotesURI":null,"softDisabled":false,"foreignInstall":false,"strictCompatibility":true,"locales":[],"targetApplications":[{"id":"toolkit@mozilla.org","minVersion":"59.0b5","maxVersion":null}],"targetPlatforms":[],"seen":true,"dependencies":[],"hasEmbeddedWebExtension":false,"userPermissions":{"permissions":["webRequest","webRequestBlocking"],"origins":["<all_urls>"]},"icons":{},"iconURL":null,"icon64URL":null,"blocklistState":0,"blocklistURL":null,"startupData":null,"hidden":true,"installTelemetryInfo":null,"location":"app-system-defaults"}
1548384332628	addons.xpi-utils	DEBUG	Updating add-on states
1548384332649	addons.xpi	DEBUG	Calling bootstrap method startup on formautofill@mozilla.org version 1.0
1548384332688	addons.xpi	DEBUG	Calling bootstrap method startup on screenshots@mozilla.org version 35.0.0
1548384332689	addons.xpi	DEBUG	Calling bootstrap method startup on webcompat@mozilla.org version 3.0.0
1548384332701	addons.manager	DEBUG	Registering shutdown blocker for XPIProvider
1548384332701	addons.manager	DEBUG	Provider finished startup: XPIProvider
1548384332701	addons.manager	DEBUG	Starting provider: LightweightThemeManager
1548384332701	addons.manager	DEBUG	Registering shutdown blocker for LightweightThemeManager
1548384332702	addons.manager	DEBUG	Provider finished startup: LightweightThemeManager
1548384332702	addons.manager	DEBUG	Starting provider: GMPProvider
1548384332738	addons.manager	DEBUG	Registering shutdown blocker for GMPProvider
1548384332738	addons.manager	DEBUG	Provider finished startup: GMPProvider
1548384332738	addons.manager	DEBUG	Starting provider: PluginProvider
1548384332738	addons.manager	DEBUG	Registering shutdown blocker for PluginProvider
1548384332738	addons.manager	DEBUG	Provider finished startup: PluginProvider
1548384332744	addons.manager	DEBUG	Completed startup sequence
1548384346756	addons.repository	DEBUG	No addons.json found.
1548384352019	addons.manager	DEBUG	Registering upgrade listener for formautofill@mozilla.org
1548384355671	addons.xpi	DEBUG	Calling bootstrap method shutdown on webcompat@mozilla.org version 3.0.0
1548384355727	addons.xpi	DEBUG	Calling bootstrap method shutdown on screenshots@mozilla.org version 35.0.0
1548384355729	addons.xpi	DEBUG	Calling bootstrap method shutdown on formautofill@mozilla.org version 1.0
JavaScript error: resource:///modules/aboutpages/AboutPrivateBrowsingHandler.jsm, line 26: TypeError: this.pageListener is undefined; can't access its "removeMessageListener" property
[Parent 12408, Gecko_IOThread] WARNING: pipe error: 109: file z:/build/build/src/ipc/chromium/src/chrome/common/ipc_channel_win.cc, line 346
[Parent 12408, Gecko_IOThread] WARNING: pipe error: 109: file z:/build/build/src/ipc/chromium/src/chrome/common/ipc_channel_win.cc, line 346
[Child 5776, Chrome_ChildThread] WARNING: pipe error: 109: file z:/build/build/src/ipc/chromium/src/chrome/common/ipc_channel_win.cc, line 346
[Child 13088, Chrome_ChildThread] WARNING: pipe error: 109: file z:/build/build/src/ipc/chromium/src/chrome/common/ipc_channel_win.cc, line 346
[Child 13088, Chrome_ChildThread] WARNING: pipe er
Build info: version: '2.45.0', revision: '5017cb8e7ca8e37638dc3091b2440b90a1d8686f', time: '2015-02-27 09:10:26'
System info: host: 'DESKTOP-ERIKFIL', ip: '10.0.75.1', os.name: 'Windows 10', os.arch: 'amd64', os.version: '10.0', java.version: '1.8.0_191'
Driver info: driver.version: FirefoxDriver]]>
            </message>
            <full-stacktrace>
              <![CDATA[org.openqa.selenium.WebDriverException: Failed to connect to binary FirefoxBinary(C:\Program Files (x86)\Mozilla Firefox\firefox.exe) on port 7055; process output follows: 
:"icons/lightbulb.svg","128":"icons/lightbulb.svg"},"iconURL":null,"icon64URL":null,"blocklistState":0,"blocklistURL":null,"startupData":null,"hidden":true,"installTelemetryInfo":null,"location":"app-system-defaults"}
1548384332628	addons.xpi	DEBUG	Updating XPIState for {"id":"webcompat@mozilla.org","syncGUID":"{ce364d0f-db62-454a-8f9c-240c40d7cfd4}","version":"3.0.0","type":"webextension","updateURL":null,"optionsURL":null,"optionsType":null,"optionsBrowserStyle":true,"aboutURL":null,"defaultLocale":{"name":"Web Compat","description":"Urgent post-release fixes for web compatibility.","creator":null,"developers":null,"translators":null,"contributors":null},"visible":true,"active":true,"userDisabled":false,"appDisabled":false,"installDate":1542048634436,"updateDate":1542048634436,"applyBackgroundUpdates":1,"path":"C:\\Program Files (x86)\\Mozilla Firefox\\browser\\features\\webcompat@mozilla.org.xpi","skinnable":false,"sourceURI":null,"releaseNotesURI":null,"softDisabled":false,"foreignInstall":false,"strictCompatibility":true,"locales":[],"targetApplications":[{"id":"toolkit@mozilla.org","minVersion":"59.0b5","maxVersion":null}],"targetPlatforms":[],"seen":true,"dependencies":[],"hasEmbeddedWebExtension":false,"userPermissions":{"permissions":["webRequest","webRequestBlocking"],"origins":["<all_urls>"]},"icons":{},"iconURL":null,"icon64URL":null,"blocklistState":0,"blocklistURL":null,"startupData":null,"hidden":true,"installTelemetryInfo":null,"location":"app-system-defaults"}
1548384332628	addons.xpi-utils	DEBUG	Updating add-on states
1548384332649	addons.xpi	DEBUG	Calling bootstrap method startup on formautofill@mozilla.org version 1.0
1548384332688	addons.xpi	DEBUG	Calling bootstrap method startup on screenshots@mozilla.org version 35.0.0
1548384332689	addons.xpi	DEBUG	Calling bootstrap method startup on webcompat@mozilla.org version 3.0.0
1548384332701	addons.manager	DEBUG	Registering shutdown blocker for XPIProvider
1548384332701	addons.manager	DEBUG	Provider finished startup: XPIProvider
1548384332701	addons.manager	DEBUG	Starting provider: LightweightThemeManager
1548384332701	addons.manager	DEBUG	Registering shutdown blocker for LightweightThemeManager
1548384332702	addons.manager	DEBUG	Provider finished startup: LightweightThemeManager
1548384332702	addons.manager	DEBUG	Starting provider: GMPProvider
1548384332738	addons.manager	DEBUG	Registering shutdown blocker for GMPProvider
1548384332738	addons.manager	DEBUG	Provider finished startup: GMPProvider
1548384332738	addons.manager	DEBUG	Starting provider: PluginProvider
1548384332738	addons.manager	DEBUG	Registering shutdown blocker for PluginProvider
1548384332738	addons.manager	DEBUG	Provider finished startup: PluginProvider
1548384332744	addons.manager	DEBUG	Completed startup sequence
1548384346756	addons.repository	DEBUG	No addons.json found.
1548384352019	addons.manager	DEBUG	Registering upgrade listener for formautofill@mozilla.org
1548384355671	addons.xpi	DEBUG	Calling bootstrap method shutdown on webcompat@mozilla.org version 3.0.0
1548384355727	addons.xpi	DEBUG	Calling bootstrap method shutdown on screenshots@mozilla.org version 35.0.0
1548384355729	addons.xpi	DEBUG	Calling bootstrap method shutdown on formautofill@mozilla.org version 1.0
JavaScript error: resource:///modules/aboutpages/AboutPrivateBrowsingHandler.jsm, line 26: TypeError: this.pageListener is undefined; can't access its "removeMessageListener" property
[Parent 12408, Gecko_IOThread] WARNING: pipe error: 109: file z:/build/build/src/ipc/chromium/src/chrome/common/ipc_channel_win.cc, line 346
[Parent 12408, Gecko_IOThread] WARNING: pipe error: 109: file z:/build/build/src/ipc/chromium/src/chrome/common/ipc_channel_win.cc, line 346
[Child 5776, Chrome_ChildThread] WARNING: pipe error: 109: file z:/build/build/src/ipc/chromium/src/chrome/common/ipc_channel_win.cc, line 346
[Child 13088, Chrome_ChildThread] WARNING: pipe error: 109: file z:/build/build/src/ipc/chromium/src/chrome/common/ipc_channel_win.cc, line 346
[Child 13088, Chrome_ChildThread] WARNING: pipe er
Build info: version: '2.45.0', revision: '5017cb8e7ca8e37638dc3091b2440b90a1d8686f', time: '2015-02-27 09:10:26'
System info: host: 'DESKTOP-ERIKFIL', ip: '10.0.75.1', os.name: 'Windows 10', os.arch: 'amd64', os.version: '10.0', java.version: '1.8.0_191'
Driver info: driver.version: FirefoxDriver
	at org.openqa.selenium.firefox.internal.NewProfileExtensionConnection.start(NewProfileExtensionConnection.java:134)
	at org.openqa.selenium.firefox.FirefoxDriver.startClient(FirefoxDriver.java:246)
	at org.openqa.selenium.remote.RemoteWebDriver.<init>(RemoteWebDriver.java:114)
	at org.openqa.selenium.firefox.FirefoxDriver.<init>(FirefoxDriver.java:191)
	at org.openqa.selenium.firefox.FirefoxDriver.<init>(FirefoxDriver.java:186)
	at org.openqa.selenium.firefox.FirefoxDriver.<init>(FirefoxDriver.java:182)
	at org.openqa.selenium.firefox.FirefoxDriver.<init>(FirefoxDriver.java:95)
	at example.NewTest.beforeTest(NewTest.java:22)
	at sun.reflect.NativeMethodAccessorImpl.invoke0(Native Method)
	at sun.reflect.NativeMethodAccessorImpl.invoke(Unknown Source)
	at sun.reflect.DelegatingMethodAccessorImpl.invoke(Unknown Source)
	at java.lang.reflect.Method.invoke(Unknown Source)
	at org.testng.internal.MethodInvocationHelper.invokeMethod(MethodInvocationHelper.java:80)
	at org.testng.internal.Invoker.invokeConfigurationMethod(Invoker.java:564)
	at org.testng.internal.Invoker.invokeConfigurations(Invoker.java:213)
	at org.testng.internal.Invoker.invokeConfigurations(Invoker.java:138)
	at org.testng.TestRunner.beforeRun(TestRunner.java:641)
	at org.testng.TestRunner.run(TestRunner.java:609)
	at org.testng.SuiteRunner.runTest(SuiteRunner.java:334)
	at org.testng.SuiteRunner.runSequentially(SuiteRunner.java:329)
	at org.testng.SuiteRunner.privateRun(SuiteRunner.java:291)
	at org.testng.SuiteRunner.run(SuiteRunner.java:240)
	at org.testng.SuiteRunnerWorker.runSuite(SuiteRunnerWorker.java:52)
	at org.testng.SuiteRunnerWorker.run(SuiteRunnerWorker.java:86)
	at org.testng.TestNG.runSuitesSequentially(TestNG.java:1198)
	at org.testng.TestNG.runSuitesLocally(TestNG.java:1123)
	at org.testng.TestNG.run(TestNG.java:1031)
	at org.testng.remote.AbstractRemoteTestNG.run(AbstractRemoteTestNG.java:114)
	at org.testng.remote.RemoteTestNG.initAndRun(RemoteTestNG.java:251)
	at org.testng.remote.RemoteTestNG.main(RemoteTestNG.java:77)
Caused by: org.openqa.selenium.WebDriverException: java.lang.InterruptedException: Process timed out after waiting for 45000 ms.
Build info: version: '2.45.0', revision: '5017cb8e7ca8e37638dc3091b2440b90a1d8686f', time: '2015-02-27 09:10:26'
System info: host: 'DESKTOP-ERIKFIL', ip: '10.0.75.1', os.name: 'Windows 10', os.arch: 'amd64', os.version: '10.0', java.version: '1.8.0_191'
Driver info: driver.version: FirefoxDriver
	at org.openqa.selenium.os.CommandLine.waitFor(CommandLine.java:131)
	at org.openqa.selenium.firefox.FirefoxBinary.waitFor(FirefoxBinary.java:222)
	at org.openqa.selenium.firefox.FirefoxBinary.clean(FirefoxBinary.java:242)
	at org.openqa.selenium.firefox.internal.NewProfileExtensionConnection.start(NewProfileExtensionConnection.java:91)
	... 29 more
Caused by: java.lang.InterruptedException: Process timed out after waiting for 45000 ms.
	at org.openqa.selenium.os.UnixProcess.waitFor(UnixProcess.java:148)
	at org.openqa.selenium.os.CommandLine.waitFor(CommandLine.java:129)
	... 32 more
]]>
            </full-stacktrace>
          </exception> <!-- org.openqa.selenium.WebDriverException -->
          <reporter-output>
          </reporter-output>
        </test-method> <!-- beforeTest -->
        <test-method status="SKIP" signature="testEasy()[pri:0, instance:example.NewTest@7c16905e]" name="testEasy" duration-ms="1" started-at="2019-01-25T10:45:57Z" finished-at="2019-01-25T10:45:57Z">
          <reporter-output>
          </reporter-output>
        </test-method> <!-- testEasy -->
        <test-method status="SKIP" signature="afterTest()[pri:0, instance:example.NewTest@7c16905e]" name="afterTest" is-config="true" duration-ms="0" started-at="2019-01-25T10:45:57Z" finished-at="2019-01-25T10:45:57Z">
          <reporter-output>
          </reporter-output>
        </test-method> <!-- afterTest -->
      </class> <!-- example.NewTest -->
    </test> <!-- Test -->
  </suite> <!-- Suite -->
</testng-results>
